> teamsapp
> teamsapp new --app-name ai-bot-js-01 --capability ai-bot --folder ../ms-teams-app-tmp/ --interactive false --debug

user argument list: ["new","--app-name","ai-bot-js-01","--capability","ai-bot","--folder","../ms-teams-app-tmp/","--interactive","false","--debug"]
matched command: teamsapp new
find option: {"token":"--app-name","option":"app-name","value":"ai-bot-js-01","isGlobal":false}
find option: {"token":"--capability","option":"capability","value":"ai-bot","isGlobal":false}
find option: {"token":"--folder","option":"folder","value":"../ms-teams-app-tmp/","isGlobal":false}
find option: {"token":"--interactive","option":"interactive","value":false,"isGlobal":true}
find option: {"token":"--debug","option":"debug","value":true,"isGlobal":true}
parsed context: {
  "optionValues": {
    "app-name": "ai-bot-js-01",
    "capabilities": "ai-bot",
    "folder": "../ms-teams-app-tmp/",
    "nonInteractive": true,
    "correlationId": "83bbe34a-7051-41a6-96b5-3483f2d4ce9c",
    "platform": "cli"
  },
  "globalOptionValues": {
    "interactive": false,
    "debug": true
  },
  "argumentValues": [],
  "telemetryProperties": {
    "command-name": "teamsapp new",
    "component": "cli",
    "run-from": "Other",
    "bin-name": "teamsapp",
    "command-debug": "true",
    "command-verbose": "undefined",
    "command-help": "undefined",
    "command-interactive": "false",
    "command-version": "undefined",
    "correlation-id": "83bbe34a-7051-41a6-96b5-3483f2d4ce9c"
  }
}
sendTelemetryEvent ===> create-project-start, properties: {"bin-name":"teamsapp","command-name":"teamsapp new","component":"cli","run-from":"Other","command-debug":"true","command-verbose":"undefined","command-help":"undefined","command-interactive":"false","command-version":"undefined","correlation-id":"","success":"yes"}
sendTelemetryEvent ===> askQuestion, properties: {"bin-name":"teamsapp","answerType":"skip","question":"project-type","platform":"cli","stage":"","correlation-id":"31d56d75-df2c-4db8-95d7-3f656ea836d4","run-from":"Other"}
sendTelemetryEvent ===> askQuestion, properties: {"bin-name":"teamsapp","answerType":"skip","question":"capabilities","answer":"ai-bot","platform":"cli","stage":"","correlation-id":"31d56d75-df2c-4db8-95d7-3f656ea836d4","run-from":"Other"}
sendTelemetryEvent ===> askQuestion, properties: {"bin-name":"teamsapp","answerType":"skip","question":"programming-language","answer":"javascript","platform":"cli","stage":"","correlation-id":"31d56d75-df2c-4db8-95d7-3f656ea836d4","run-from":"Other"}
sendTelemetryEvent ===> askQuestion, properties: {"bin-name":"teamsapp","answerType":"skip","question":"folder","answer":"","platform":"cli","stage":"","correlation-id":"31d56d75-df2c-4db8-95d7-3f656ea836d4","run-from":"Other"}
sendTelemetryEvent ===> askQuestion, properties: {"bin-name":"teamsapp","answerType":"skip","question":"app-name","answer":"","platform":"cli","stage":"","correlation-id":"31d56d75-df2c-4db8-95d7-3f656ea836d4","run-from":"Other"}
sendTelemetryEvent ===> create-start, properties: {"bin-name":"teamsapp","appid":"","tenant-id":"","component":"coordinator","env":"","correlation-id":"31d56d75-df2c-4db8-95d7-3f656ea836d4","run-from":"Other"}
sendTelemetryEvent ===> generate-template-start, properties: {"bin-name":"teamsapp","appid":"","tenant-id":"","component":"generator","env":"","correlation-id":"31d56d75-df2c-4db8-95d7-3f656ea836d4","run-from":"Other"}
Downloading app template "ai-bot-js" to /Users/kenichi/study/ms-teams-app-tmp/ai-bot-js-01
Fetching template url with tag: {"name":"js","destination":"/Users/kenichi/study/ms-teams-app-tmp/ai-bot-js-01","logProvider":{"logLevel":1}}
Fetching zip from local: {"name":"js","destination":"/Users/kenichi/study/ms-teams-app-tmp/ai-bot-js-01","logProvider":{"logLevel":1},"cancelDownloading":true}
sendTelemetryEvent ===> generate-template, properties: {"bin-name":"teamsapp","appid":"","tenant-id":"","component":"generator","env":"","template-name":"ai-bot-js","fallback":"true","success":"yes","correlation-id":"31d56d75-df2c-4db8-95d7-3f656ea836d4","run-from":"Other"}
████████████████████  100% | [1/1] Create  (✔) Done.
sendTelemetryEvent ===> create, properties: {"bin-name":"teamsapp","appid":"","tenant-id":"","component":"coordinator","env":"","capabilities":"ai-bot","is-from-developer-portal":"false","success":"yes","correlation-id":"31d56d75-df2c-4db8-95d7-3f656ea836d4","run-from":"Other"}
Project created at: /Users/kenichi/study/ms-teams-app-tmp/ai-bot-js-01
sendTelemetryEvent ===> create-project, properties: {"bin-name":"teamsapp","command-name":"teamsapp new","component":"cli","run-from":"Other","command-debug":"true","command-verbose":"undefined","command-help":"undefined","command-interactive":"false","command-version":"undefined","correlation-id":"","success":"yes","new-project-id":"4922fa7b-2f16-4504-85d4-214c20e21346","is-creating-m365":"undefined"}
