> teamsapp
> teamsapp new --app-name sso-tab-with-obo-flow-js-01 --capability sso-launch-page --folder ../ms-teams-app-tmp/ --interactive false --debug

user argument list: ["new","--app-name","sso-tab-with-obo-flow-js-01","--capability","sso-launch-page","--folder","../ms-teams-app-tmp/","--interactive","false","--debug"]
matched command: teamsapp new
find option: {"token":"--app-name","option":"app-name","value":"sso-tab-with-obo-flow-js-01","isGlobal":false}
find option: {"token":"--capability","option":"capability","value":"sso-launch-page","isGlobal":false}
find option: {"token":"--folder","option":"folder","value":"../ms-teams-app-tmp/","isGlobal":false}
find option: {"token":"--interactive","option":"interactive","value":false,"isGlobal":true}
find option: {"token":"--debug","option":"debug","value":true,"isGlobal":true}
parsed context: {
  "optionValues": {
    "app-name": "sso-tab-with-obo-flow-js-01",
    "capabilities": "sso-launch-page",
    "folder": "../ms-teams-app-tmp/",
    "nonInteractive": true,
    "correlationId": "b868f981-8b4c-4ce1-9f0f-c64b87606a6b",
    "platform": "cli"
  },
  "globalOptionValues": {
    "interactive": false,
    "debug": true
  },
  "argumentValues": [],
  "telemetryProperties": {
    "command-name": "teamsapp new",
    "component": "cli",
    "run-from": "Other",
    "bin-name": "teamsapp",
    "command-debug": "true",
    "command-verbose": "undefined",
    "command-help": "undefined",
    "command-interactive": "false",
    "command-version": "undefined",
    "correlation-id": "b868f981-8b4c-4ce1-9f0f-c64b87606a6b"
  }
}
sendTelemetryEvent ===> create-project-start, properties: {"bin-name":"teamsapp","command-name":"teamsapp new","component":"cli","run-from":"Other","command-debug":"true","command-verbose":"undefined","command-help":"undefined","command-interactive":"false","command-version":"undefined","correlation-id":"","success":"yes"}
sendTelemetryEvent ===> askQuestion, properties: {"bin-name":"teamsapp","answerType":"skip","question":"project-type","platform":"cli","stage":"","correlation-id":"fa29428c-7b1c-424f-acb0-787e20f076b7","run-from":"Other"}
sendTelemetryEvent ===> askQuestion, properties: {"bin-name":"teamsapp","answerType":"skip","question":"capabilities","answer":"sso-launch-page","platform":"cli","stage":"","correlation-id":"fa29428c-7b1c-424f-acb0-787e20f076b7","run-from":"Other"}
sendTelemetryEvent ===> askQuestion, properties: {"bin-name":"teamsapp","answerType":"skip","question":"programming-language","answer":"javascript","platform":"cli","stage":"","correlation-id":"fa29428c-7b1c-424f-acb0-787e20f076b7","run-from":"Other"}
sendTelemetryEvent ===> askQuestion, properties: {"bin-name":"teamsapp","answerType":"skip","question":"folder","answer":"","platform":"cli","stage":"","correlation-id":"fa29428c-7b1c-424f-acb0-787e20f076b7","run-from":"Other"}
sendTelemetryEvent ===> askQuestion, properties: {"bin-name":"teamsapp","answerType":"skip","question":"app-name","answer":"","platform":"cli","stage":"","correlation-id":"fa29428c-7b1c-424f-acb0-787e20f076b7","run-from":"Other"}
sendTelemetryEvent ===> create-start, properties: {"bin-name":"teamsapp","appid":"","tenant-id":"","component":"coordinator","env":"","correlation-id":"fa29428c-7b1c-424f-acb0-787e20f076b7","run-from":"Other"}
sendTelemetryEvent ===> generate-template-start, properties: {"bin-name":"teamsapp","appid":"","tenant-id":"","component":"generator","env":"","correlation-id":"fa29428c-7b1c-424f-acb0-787e20f076b7","run-from":"Other"}
Downloading app template "sso-tab-with-obo-flow-js" to /Users/kenichi/study/ms-teams-app-tmp/sso-tab-with-obo-flow-js-01
Fetching template url with tag: {"name":"js","destination":"/Users/kenichi/study/ms-teams-app-tmp/sso-tab-with-obo-flow-js-01","logProvider":{"logLevel":1}}
Fetching zip from local: {"name":"js","destination":"/Users/kenichi/study/ms-teams-app-tmp/sso-tab-with-obo-flow-js-01","logProvider":{"logLevel":1},"cancelDownloading":true}
sendTelemetryEvent ===> generate-template, properties: {"bin-name":"teamsapp","appid":"","tenant-id":"","component":"generator","env":"","template-name":"sso-tab-with-obo-flow-js","fallback":"true","success":"yes","correlation-id":"fa29428c-7b1c-424f-acb0-787e20f076b7","run-from":"Other"}
████████████████████  100% | [1/1] Create  (✔) Done.
sendTelemetryEvent ===> create, properties: {"bin-name":"teamsapp","appid":"","tenant-id":"","component":"coordinator","env":"","capabilities":"sso-launch-page","is-from-developer-portal":"false","success":"yes","correlation-id":"fa29428c-7b1c-424f-acb0-787e20f076b7","run-from":"Other"}
Project created at: /Users/kenichi/study/ms-teams-app-tmp/sso-tab-with-obo-flow-js-01
sendTelemetryEvent ===> create-project, properties: {"bin-name":"teamsapp","command-name":"teamsapp new","component":"cli","run-from":"Other","command-debug":"true","command-verbose":"undefined","command-help":"undefined","command-interactive":"false","command-version":"undefined","correlation-id":"","success":"yes","new-project-id":"86435eab-9c20-4991-ae55-8e534abf252e","is-creating-m365":"true"}
