> teamsapp
> teamsapp new --app-name workflow-js-01 --capability workflow-bot --folder ../ms-teams-app-tmp/ --interactive false --debug

user argument list: ["new","--app-name","workflow-js-01","--capability","workflow-bot","--folder","../ms-teams-app-tmp/","--interactive","false","--debug"]
matched command: teamsapp new
find option: {"token":"--app-name","option":"app-name","value":"workflow-js-01","isGlobal":false}
find option: {"token":"--capability","option":"capability","value":"workflow-bot","isGlobal":false}
find option: {"token":"--folder","option":"folder","value":"../ms-teams-app-tmp/","isGlobal":false}
find option: {"token":"--interactive","option":"interactive","value":false,"isGlobal":true}
find option: {"token":"--debug","option":"debug","value":true,"isGlobal":true}
parsed context: {
  "optionValues": {
    "app-name": "workflow-js-01",
    "capabilities": "workflow-bot",
    "folder": "../ms-teams-app-tmp/",
    "nonInteractive": true,
    "correlationId": "a7961e4e-096d-4cbe-8ba1-c8362ce254cc",
    "platform": "cli"
  },
  "globalOptionValues": {
    "interactive": false,
    "debug": true
  },
  "argumentValues": [],
  "telemetryProperties": {
    "command-name": "teamsapp new",
    "component": "cli",
    "run-from": "Other",
    "bin-name": "teamsapp",
    "command-debug": "true",
    "command-verbose": "undefined",
    "command-help": "undefined",
    "command-interactive": "false",
    "command-version": "undefined",
    "correlation-id": "a7961e4e-096d-4cbe-8ba1-c8362ce254cc"
  }
}
sendTelemetryEvent ===> create-project-start, properties: {"bin-name":"teamsapp","command-name":"teamsapp new","component":"cli","run-from":"Other","command-debug":"true","command-verbose":"undefined","command-help":"undefined","command-interactive":"false","command-version":"undefined","correlation-id":"","success":"yes"}
sendTelemetryEvent ===> askQuestion, properties: {"bin-name":"teamsapp","answerType":"skip","question":"project-type","platform":"cli","stage":"","correlation-id":"9b77f796-fcdd-47bc-a3d8-e40a17f7f15d","run-from":"Other"}
sendTelemetryEvent ===> askQuestion, properties: {"bin-name":"teamsapp","answerType":"skip","question":"capabilities","answer":"workflow-bot","platform":"cli","stage":"","correlation-id":"9b77f796-fcdd-47bc-a3d8-e40a17f7f15d","run-from":"Other"}
sendTelemetryEvent ===> askQuestion, properties: {"bin-name":"teamsapp","answerType":"skip","question":"programming-language","answer":"javascript","platform":"cli","stage":"","correlation-id":"9b77f796-fcdd-47bc-a3d8-e40a17f7f15d","run-from":"Other"}
sendTelemetryEvent ===> askQuestion, properties: {"bin-name":"teamsapp","answerType":"skip","question":"folder","answer":"","platform":"cli","stage":"","correlation-id":"9b77f796-fcdd-47bc-a3d8-e40a17f7f15d","run-from":"Other"}
sendTelemetryEvent ===> askQuestion, properties: {"bin-name":"teamsapp","answerType":"skip","question":"app-name","answer":"","platform":"cli","stage":"","correlation-id":"9b77f796-fcdd-47bc-a3d8-e40a17f7f15d","run-from":"Other"}
sendTelemetryEvent ===> create-start, properties: {"bin-name":"teamsapp","appid":"","tenant-id":"","component":"coordinator","env":"","correlation-id":"9b77f796-fcdd-47bc-a3d8-e40a17f7f15d","run-from":"Other"}
sendTelemetryEvent ===> generate-template-start, properties: {"bin-name":"teamsapp","appid":"","tenant-id":"","component":"generator","env":"","correlation-id":"9b77f796-fcdd-47bc-a3d8-e40a17f7f15d","run-from":"Other"}
Downloading app template "workflow-js" to /Users/kenichi/study/ms-teams-app-tmp/workflow-js-01
Fetching template url with tag: {"name":"js","destination":"/Users/kenichi/study/ms-teams-app-tmp/workflow-js-01","logProvider":{"logLevel":1}}
Fetching zip from local: {"name":"js","destination":"/Users/kenichi/study/ms-teams-app-tmp/workflow-js-01","logProvider":{"logLevel":1},"cancelDownloading":true}
sendTelemetryEvent ===> generate-template, properties: {"bin-name":"teamsapp","appid":"","tenant-id":"","component":"generator","env":"","template-name":"workflow-js","fallback":"true","success":"yes","correlation-id":"9b77f796-fcdd-47bc-a3d8-e40a17f7f15d","run-from":"Other"}
████████████████████  100% | [1/1] Create  (✔) Done.
sendTelemetryEvent ===> create, properties: {"bin-name":"teamsapp","appid":"","tenant-id":"","component":"coordinator","env":"","capabilities":"workflow-bot","is-from-developer-portal":"false","success":"yes","correlation-id":"9b77f796-fcdd-47bc-a3d8-e40a17f7f15d","run-from":"Other"}
Project created at: /Users/kenichi/study/ms-teams-app-tmp/workflow-js-01
sendTelemetryEvent ===> create-project, properties: {"bin-name":"teamsapp","command-name":"teamsapp new","component":"cli","run-from":"Other","command-debug":"true","command-verbose":"undefined","command-help":"undefined","command-interactive":"false","command-version":"undefined","correlation-id":"","success":"yes","new-project-id":"fe0a7c6f-73bb-4ed0-afaf-c7f518d9e0aa","is-creating-m365":"undefined"}
