> teamsapp
> teamsapp new --app-name command-and-response-js-01 --capability command-bot --folder ../ms-teams-app-tmp/ --interactive false --debug

user argument list: ["new","--app-name","command-and-response-js-01","--capability","command-bot","--folder","../ms-teams-app-tmp/","--interactive","false","--debug"]
matched command: teamsapp new
find option: {"token":"--app-name","option":"app-name","value":"command-and-response-js-01","isGlobal":false}
find option: {"token":"--capability","option":"capability","value":"command-bot","isGlobal":false}
find option: {"token":"--folder","option":"folder","value":"../ms-teams-app-tmp/","isGlobal":false}
find option: {"token":"--interactive","option":"interactive","value":false,"isGlobal":true}
find option: {"token":"--debug","option":"debug","value":true,"isGlobal":true}
parsed context: {
  "optionValues": {
    "app-name": "command-and-response-js-01",
    "capabilities": "command-bot",
    "folder": "../ms-teams-app-tmp/",
    "nonInteractive": true,
    "correlationId": "441ae461-da98-4864-bb0a-38a862412508",
    "platform": "cli"
  },
  "globalOptionValues": {
    "interactive": false,
    "debug": true
  },
  "argumentValues": [],
  "telemetryProperties": {
    "command-name": "teamsapp new",
    "component": "cli",
    "run-from": "Other",
    "bin-name": "teamsapp",
    "command-debug": "true",
    "command-verbose": "undefined",
    "command-help": "undefined",
    "command-interactive": "false",
    "command-version": "undefined",
    "correlation-id": "441ae461-da98-4864-bb0a-38a862412508"
  }
}
sendTelemetryEvent ===> create-project-start, properties: {"bin-name":"teamsapp","command-name":"teamsapp new","component":"cli","run-from":"Other","command-debug":"true","command-verbose":"undefined","command-help":"undefined","command-interactive":"false","command-version":"undefined","correlation-id":"","success":"yes"}
sendTelemetryEvent ===> askQuestion, properties: {"bin-name":"teamsapp","answerType":"skip","question":"project-type","platform":"cli","stage":"","correlation-id":"71ba59e9-9d68-4394-baf5-8485d2fc7e21","run-from":"Other"}
sendTelemetryEvent ===> askQuestion, properties: {"bin-name":"teamsapp","answerType":"skip","question":"capabilities","answer":"command-bot","platform":"cli","stage":"","correlation-id":"71ba59e9-9d68-4394-baf5-8485d2fc7e21","run-from":"Other"}
sendTelemetryEvent ===> askQuestion, properties: {"bin-name":"teamsapp","answerType":"skip","question":"programming-language","answer":"javascript","platform":"cli","stage":"","correlation-id":"71ba59e9-9d68-4394-baf5-8485d2fc7e21","run-from":"Other"}
sendTelemetryEvent ===> askQuestion, properties: {"bin-name":"teamsapp","answerType":"skip","question":"folder","answer":"","platform":"cli","stage":"","correlation-id":"71ba59e9-9d68-4394-baf5-8485d2fc7e21","run-from":"Other"}
sendTelemetryEvent ===> askQuestion, properties: {"bin-name":"teamsapp","answerType":"skip","question":"app-name","answer":"","platform":"cli","stage":"","correlation-id":"71ba59e9-9d68-4394-baf5-8485d2fc7e21","run-from":"Other"}
sendTelemetryEvent ===> create-start, properties: {"bin-name":"teamsapp","appid":"","tenant-id":"","component":"coordinator","env":"","correlation-id":"71ba59e9-9d68-4394-baf5-8485d2fc7e21","run-from":"Other"}
sendTelemetryEvent ===> generate-template-start, properties: {"bin-name":"teamsapp","appid":"","tenant-id":"","component":"generator","env":"","correlation-id":"71ba59e9-9d68-4394-baf5-8485d2fc7e21","run-from":"Other"}
Downloading app template "command-and-response-js" to /Users/kenichi/study/ms-teams-app-tmp/command-and-response-js-01
Fetching template url with tag: {"name":"js","destination":"/Users/kenichi/study/ms-teams-app-tmp/command-and-response-js-01","logProvider":{"logLevel":1}}
Fetching zip from local: {"name":"js","destination":"/Users/kenichi/study/ms-teams-app-tmp/command-and-response-js-01","logProvider":{"logLevel":1},"cancelDownloading":true}
sendTelemetryEvent ===> generate-template, properties: {"bin-name":"teamsapp","appid":"","tenant-id":"","component":"generator","env":"","template-name":"command-and-response-js","fallback":"true","success":"yes","correlation-id":"71ba59e9-9d68-4394-baf5-8485d2fc7e21","run-from":"Other"}
████████████████████  100% | [1/1] Create  (✔) Done.
sendTelemetryEvent ===> create, properties: {"bin-name":"teamsapp","appid":"","tenant-id":"","component":"coordinator","env":"","capabilities":"command-bot","is-from-developer-portal":"false","success":"yes","correlation-id":"71ba59e9-9d68-4394-baf5-8485d2fc7e21","run-from":"Other"}
Project created at: /Users/kenichi/study/ms-teams-app-tmp/command-and-response-js-01
sendTelemetryEvent ===> create-project, properties: {"bin-name":"teamsapp","command-name":"teamsapp new","component":"cli","run-from":"Other","command-debug":"true","command-verbose":"undefined","command-help":"undefined","command-interactive":"false","command-version":"undefined","correlation-id":"","success":"yes","new-project-id":"e059af00-4c36-48ac-b2ee-1f082ea495d5","is-creating-m365":"undefined"}
