[2024-02-14T00:51:08.546Z] [Info] - Current VS Code locale is: en-us
[2024-02-14T00:51:08.575Z] [Info] - Teams Toolkit extension is now active!
[2024-02-14T00:51:19.106Z] [Info] - Running 'Validate prerequisites' Visual Studio Code task.

(Total: 3 Steps) Teams Toolkit is checking the required prerequisites.

(1/3) Checking Node.js ...
(2/3) Checking Microsoft 365 Account ...
(3/3) Checking ports occupancy ...

Summary:

(√) Done: Microsoft 365 Account (kenichi-microsoft-2023@7756s8.onmicrosoft.com) is logged in and custom app upload permission is enabled 
(√) Done: Ports (53000, 9239) are not occupied 

(!) Warning: Node.js 
   Node.js (v20.11.0) is not the officially supported version (16 || 18). Your project may continue to work but we recommend to install the supported version. The supported node versions are specified in the package.json. Go to https://nodejs.org/about/releases/ to install a supported Node.js.
   Restart all your Visual Studio Code instances after the installation is finished.

Visit https://aka.ms/teamsfx-tasks/check-prerequisites to learn more about 'Validate prerequisites' task.

[2024-02-14T00:51:22.617Z] [Info] - Finished 'Validate prerequisites' Visual Studio Code task in 3.52 seconds.
[2024-02-14T00:51:22.670Z] [Info] - Executing provision 

Lifecycle stage: provision(7 step(s) in total). The following actions will be executed: 
(1/7) Action teamsApp/create: create a Teams app.
(2/7) Action script
(3/7) Action teamsApp/validateManifest: validate a Teams app.
(4/7) Action teamsApp/zipAppPackage: build a Teams app package.
(5/7) Action teamsApp/validateAppPackage: validate a Teams app.
(6/7) Action teamsApp/update: update a Teams app.
(7/7) Action teamsApp/extendToM365: acquire an Microsoft 365 title with the app package

[2024-02-14T00:51:22.671Z] [Info] - Executing lifecycle provision
[2024-02-14T00:51:26.489Z] [Info] -  [script action stdout] ::set-teamsfx-env TAB_DOMAIN=localhost:53000
::set-teamsfx-env TAB_ENDPOINT=https://localhost:53000

[2024-02-14T00:51:26.601Z] [Info] - 
Teams Toolkit has checked manifest with its schema:

Summary:
All passed.


[2024-02-14T00:51:26.605Z] [Info] - (√)Done: Teams Package /Users/kenichi/study/ms-teams-app-study/apps-ms-template/non-sso-tab-ts-01/appPackage/build/appPackage.local.zip built successfully!
[2024-02-14T00:51:27.642Z] [Info] - 
Teams Toolkit has checked against all validation rules:

Summary:
47 passed.



A complete log of validations can be found in /Users/kenichi/Library/Application Support/Code/logs/20240214T095057/window1/exthost/TeamsDevApp.ms-teams-vscode-extension/20240214T005108.log
[2024-02-14T00:51:36.235Z] [Info] - TitleId: U_07b4ac44-5d2f-a36b-3b0e-f57eafdc1af1
[2024-02-14T00:51:36.235Z] [Info] - AppId: e2ae1e27-283b-4fb1-bccf-b7e0bc7a4d60
[2024-02-14T00:51:36.242Z] [Info] - Finished Executing lifecycle provision. Result: {"TEAMS_APP_ID":"c7101712-8b92-4ac1-8d44-dbf4d933d338","TEAMS_APP_TENANT_ID":"b3d2963c-027e-4299-8463-d8ae5508bbe9","TAB_DOMAIN":"localhost:53000","TAB_ENDPOINT":"https://localhost:53000","TEAMS_APP_UPDATE_TIME":"2024-02-14T00:51:29.1722319+00:00","M365_TITLE_ID":"U_07b4ac44-5d2f-a36b-3b0e-f57eafdc1af1","M365_APP_ID":"e2ae1e27-283b-4fb1-bccf-b7e0bc7a4d60"}
[2024-02-14T00:51:36.246Z] [Info] - Execution summary:

Summary:
(√) Done: Lifecycle stage provision was executed successfully.
  (√) Done: teamsApp/create was executed successfully.
    (√) Done: Teams app created c7101712-8b92-4ac1-8d44-dbf4d933d338
  (√) Done: script was executed successfully.
    (√) Done: Successfully executed command echo "::set-teamsfx-env TAB_DOMAIN=localhost:53000"; echo "::set-teamsfx-env TAB_ENDPOINT=https://localhost:53000";
  (√) Done: teamsApp/validateManifest was executed successfully.
  (√) Done: teamsApp/zipAppPackage was executed successfully.
  (√) Done: teamsApp/validateAppPackage was executed successfully.
  (√) Done: teamsApp/update was executed successfully.
    (√) Done: Teams app updated c7101712-8b92-4ac1-8d44-dbf4d933d338
  (√) Done: teamsApp/extendToM365 was executed successfully.
    (√) Done: The Microsoft 365 title has been acquired successfully (U_07b4ac44-5d2f-a36b-3b0e-f57eafdc1af1).

[2024-02-14T00:51:36.248Z] [Info] - Successfully executed 7/7 actions in provision stage.
[2024-02-14T00:51:36.265Z] [Info] -   Created environment file (secret) at /Users/kenichi/study/ms-teams-app-study/apps-ms-template/non-sso-tab-ts-01/env/.env.local.user


[2024-02-14T00:51:36.313Z] [Info] - Executing deploy 

Lifecycle stage: deploy(3 step(s) in total). The following actions will be executed: 
(1/3) Action devTool/install: installing dependencies
(2/3) Action cli/runNpmCommand: running npm command.
(3/3) Action file/createOrUpdateEnvironmentFile: Create or update variables to environment file.

[2024-02-14T00:51:36.314Z] [Info] - Executing lifecycle deploy
[2024-02-14T00:51:45.588Z] [Warning] -  [script action stderr] npm WARN EBADENGINE Unsupported engine {
npm WARN 
[2024-02-14T00:51:45.588Z] [Warning] -  [script action stderr] EBADENGINE   package: 'nonssotabts01@0.1.0',
npm WARN EBADENGINE   required: { node: '16 || 18' },
npm WARN EBADENGINE   current: { node: 'v20.11.0', npm: '10.2.4' }
npm WARN EBADENGINE }

[2024-02-14T00:51:45.847Z] [Warning] -  [script action stderr] npm WARN deprecated formidable@1.2.6: Please upgrade to latest, formidable@v2 or formidable@v3! Check these notes: https://bit.ly/2ZEqIau

[2024-02-14T00:52:00.396Z] [Info] -  [script action stdout] 
added 206 packages in 24s

[2024-02-14T00:52:00.396Z] [Info] -  [script action stdout] 
25 packages are looking for funding
  run `npm fund` for details

[2024-02-14T00:52:00.403Z] [Info] - Finished Executing lifecycle deploy. Result: {"SSL_CRT_FILE":"/Users/kenichi/.fx/certificate/localhost.crt","SSL_KEY_FILE":"/Users/kenichi/.fx/certificate/localhost.key"}
[2024-02-14T00:52:00.404Z] [Info] - Execution summary:

Summary:
(√) Done: Lifecycle stage deploy was executed successfully.
  (√) Done: devTool/install was executed successfully.
    (√) Done: Development certificate for localhost is installed.
  (√) Done: cli/runNpmCommand was executed successfully.
    (√) Done: Successful execution of the `npm install --no-audit` command at `/Users/kenichi/study/ms-teams-app-study/apps-ms-template/non-sso-tab-ts-01/`.
  (√) Done: file/createOrUpdateEnvironmentFile was executed successfully.
    (√) Done: The variables have been generated successfully to /Users/kenichi/study/ms-teams-app-study/apps-ms-template/non-sso-tab-ts-01/.localConfigs.

[2024-02-14T00:52:01.312Z] [Info] - Launching Teams web client.

Teams web client is being launched for you to debug the Teams app: https://teams.microsoft.com/l/app/c7101712-8b92-4ac1-8d44-dbf4d933d338?installAppPackage=true&webjoin=true&appTenantId=b3d2963c-027e-4299-8463-d8ae5508bbe9&login_hint=kenichi-microsoft-2023@7756s8.onmicrosoft.com.

The app supports hot reloading. If you have any code changes in the project, the app will be reloaded.
