> teamsapp
> teamsapp new --app-name non-sso-tab-js-01 --capability tab-non-sso --folder apps-ms-template/ --interactive false --debug

user argument list: ["new","--app-name","non-sso-tab-js-01","--capability","tab-non-sso","--folder","apps-ms-template/","--interactive","false","--debug"]
matched command: teamsapp new
find option: {"token":"--app-name","option":"app-name","value":"non-sso-tab-js-01","isGlobal":false}
find option: {"token":"--capability","option":"capability","value":"tab-non-sso","isGlobal":false}
find option: {"token":"--folder","option":"folder","value":"apps-ms-template/","isGlobal":false}
find option: {"token":"--interactive","option":"interactive","value":false,"isGlobal":true}
find option: {"token":"--debug","option":"debug","value":true,"isGlobal":true}
parsed context: {
  "optionValues": {
    "app-name": "non-sso-tab-js-01",
    "capabilities": "tab-non-sso",
    "folder": "apps-ms-template/",
    "nonInteractive": true,
    "correlationId": "3d5e7054-2aa5-4e53-a201-56a41c71188c",
    "platform": "cli"
  },
  "globalOptionValues": {
    "interactive": false,
    "debug": true
  },
  "argumentValues": [],
  "telemetryProperties": {
    "command-name": "teamsapp new",
    "component": "cli",
    "run-from": "Other",
    "bin-name": "teamsapp",
    "command-debug": "true",
    "command-verbose": "undefined",
    "command-help": "undefined",
    "command-interactive": "false",
    "command-version": "undefined",
    "correlation-id": "3d5e7054-2aa5-4e53-a201-56a41c71188c"
  }
}
sendTelemetryEvent ===> create-project-start, properties: {"bin-name":"teamsapp","command-name":"teamsapp new","component":"cli","run-from":"Other","command-debug":"true","command-verbose":"undefined","command-help":"undefined","command-interactive":"false","command-version":"undefined","correlation-id":"","success":"yes"}
sendTelemetryEvent ===> askQuestion, properties: {"bin-name":"teamsapp","answerType":"skip","question":"project-type","platform":"cli","stage":"","correlation-id":"d9757537-014e-42b2-8676-0522ee5e5c15","run-from":"Other"}
sendTelemetryEvent ===> askQuestion, properties: {"bin-name":"teamsapp","answerType":"skip","question":"capabilities","answer":"tab-non-sso","platform":"cli","stage":"","correlation-id":"d9757537-014e-42b2-8676-0522ee5e5c15","run-from":"Other"}
sendTelemetryEvent ===> askQuestion, properties: {"bin-name":"teamsapp","answerType":"skip","question":"programming-language","answer":"javascript","platform":"cli","stage":"","correlation-id":"d9757537-014e-42b2-8676-0522ee5e5c15","run-from":"Other"}
sendTelemetryEvent ===> askQuestion, properties: {"bin-name":"teamsapp","answerType":"skip","question":"folder","answer":"","platform":"cli","stage":"","correlation-id":"d9757537-014e-42b2-8676-0522ee5e5c15","run-from":"Other"}
sendTelemetryEvent ===> askQuestion, properties: {"bin-name":"teamsapp","answerType":"skip","question":"app-name","answer":"","platform":"cli","stage":"","correlation-id":"d9757537-014e-42b2-8676-0522ee5e5c15","run-from":"Other"}
sendTelemetryEvent ===> create-start, properties: {"bin-name":"teamsapp","appid":"","tenant-id":"","component":"coordinator","env":"","correlation-id":"d9757537-014e-42b2-8676-0522ee5e5c15","run-from":"Other"}
sendTelemetryEvent ===> generate-template-start, properties: {"bin-name":"teamsapp","appid":"","tenant-id":"","component":"generator","env":"","correlation-id":"d9757537-014e-42b2-8676-0522ee5e5c15","run-from":"Other"}
Downloading app template "non-sso-tab-js" to /Users/kenichi/study/ms-teams-app-study/apps-ms-template/non-sso-tab-js-01
Fetching template url with tag: {"name":"js","destination":"/Users/kenichi/study/ms-teams-app-study/apps-ms-template/non-sso-tab-js-01","logProvider":{"logLevel":1}}
Fetching zip from local: {"name":"js","destination":"/Users/kenichi/study/ms-teams-app-study/apps-ms-template/non-sso-tab-js-01","logProvider":{"logLevel":1},"cancelDownloading":true}
sendTelemetryEvent ===> generate-template, properties: {"bin-name":"teamsapp","appid":"","tenant-id":"","component":"generator","env":"","template-name":"non-sso-tab-js","fallback":"true","success":"yes","correlation-id":"d9757537-014e-42b2-8676-0522ee5e5c15","run-from":"Other"}
████████████████████  100% | [1/1] Create  (✔) Done.
sendTelemetryEvent ===> create, properties: {"bin-name":"teamsapp","appid":"","tenant-id":"","component":"coordinator","env":"","capabilities":"tab-non-sso","is-from-developer-portal":"false","success":"yes","correlation-id":"d9757537-014e-42b2-8676-0522ee5e5c15","run-from":"Other"}
Project created at: /Users/kenichi/study/ms-teams-app-study/apps-ms-template/non-sso-tab-js-01
sendTelemetryEvent ===> create-project, properties: {"bin-name":"teamsapp","command-name":"teamsapp new","component":"cli","run-from":"Other","command-debug":"true","command-verbose":"undefined","command-help":"undefined","command-interactive":"false","command-version":"undefined","correlation-id":"","success":"yes","new-project-id":"057fad35-8270-4262-911d-065697ca381e","is-creating-m365":"undefined"}
