> teamsapp
> teamsapp new --app-name link-unfurling-js-01 --capability link-unfurling --folder ../ms-teams-app-tmp/ --interactive false --debug

user argument list: ["new","--app-name","link-unfurling-js-01","--capability","link-unfurling","--folder","../ms-teams-app-tmp/","--interactive","false","--debug"]
matched command: teamsapp new
find option: {"token":"--app-name","option":"app-name","value":"link-unfurling-js-01","isGlobal":false}
find option: {"token":"--capability","option":"capability","value":"link-unfurling","isGlobal":false}
find option: {"token":"--folder","option":"folder","value":"../ms-teams-app-tmp/","isGlobal":false}
find option: {"token":"--interactive","option":"interactive","value":false,"isGlobal":true}
find option: {"token":"--debug","option":"debug","value":true,"isGlobal":true}
parsed context: {
  "optionValues": {
    "app-name": "link-unfurling-js-01",
    "capabilities": "link-unfurling",
    "folder": "../ms-teams-app-tmp/",
    "nonInteractive": true,
    "correlationId": "eb5ec7cd-dc8c-4640-93e9-7a7840b5edff",
    "platform": "cli"
  },
  "globalOptionValues": {
    "interactive": false,
    "debug": true
  },
  "argumentValues": [],
  "telemetryProperties": {
    "command-name": "teamsapp new",
    "component": "cli",
    "run-from": "Other",
    "bin-name": "teamsapp",
    "command-debug": "true",
    "command-verbose": "undefined",
    "command-help": "undefined",
    "command-interactive": "false",
    "command-version": "undefined",
    "correlation-id": "eb5ec7cd-dc8c-4640-93e9-7a7840b5edff"
  }
}
sendTelemetryEvent ===> create-project-start, properties: {"bin-name":"teamsapp","command-name":"teamsapp new","component":"cli","run-from":"Other","command-debug":"true","command-verbose":"undefined","command-help":"undefined","command-interactive":"false","command-version":"undefined","correlation-id":"","success":"yes"}
sendTelemetryEvent ===> askQuestion, properties: {"bin-name":"teamsapp","answerType":"skip","question":"project-type","platform":"cli","stage":"","correlation-id":"e93c08a3-de11-4688-8a20-4d5504ec648b","run-from":"Other"}
sendTelemetryEvent ===> askQuestion, properties: {"bin-name":"teamsapp","answerType":"skip","question":"capabilities","answer":"link-unfurling","platform":"cli","stage":"","correlation-id":"e93c08a3-de11-4688-8a20-4d5504ec648b","run-from":"Other"}
sendTelemetryEvent ===> askQuestion, properties: {"bin-name":"teamsapp","answerType":"skip","question":"programming-language","answer":"javascript","platform":"cli","stage":"","correlation-id":"e93c08a3-de11-4688-8a20-4d5504ec648b","run-from":"Other"}
sendTelemetryEvent ===> askQuestion, properties: {"bin-name":"teamsapp","answerType":"skip","question":"folder","answer":"","platform":"cli","stage":"","correlation-id":"e93c08a3-de11-4688-8a20-4d5504ec648b","run-from":"Other"}
sendTelemetryEvent ===> askQuestion, properties: {"bin-name":"teamsapp","answerType":"skip","question":"app-name","answer":"","platform":"cli","stage":"","correlation-id":"e93c08a3-de11-4688-8a20-4d5504ec648b","run-from":"Other"}
sendTelemetryEvent ===> create-start, properties: {"bin-name":"teamsapp","appid":"","tenant-id":"","component":"coordinator","env":"","correlation-id":"e93c08a3-de11-4688-8a20-4d5504ec648b","run-from":"Other"}
sendTelemetryEvent ===> generate-template-start, properties: {"bin-name":"teamsapp","appid":"","tenant-id":"","component":"generator","env":"","correlation-id":"e93c08a3-de11-4688-8a20-4d5504ec648b","run-from":"Other"}
Downloading app template "link-unfurling-js" to /Users/kenichi/study/ms-teams-app-tmp/link-unfurling-js-01
Fetching template url with tag: {"name":"js","destination":"/Users/kenichi/study/ms-teams-app-tmp/link-unfurling-js-01","logProvider":{"logLevel":1}}
Fetching zip from local: {"name":"js","destination":"/Users/kenichi/study/ms-teams-app-tmp/link-unfurling-js-01","logProvider":{"logLevel":1},"cancelDownloading":true}
sendTelemetryEvent ===> generate-template, properties: {"bin-name":"teamsapp","appid":"","tenant-id":"","component":"generator","env":"","template-name":"link-unfurling-js","fallback":"true","success":"yes","correlation-id":"e93c08a3-de11-4688-8a20-4d5504ec648b","run-from":"Other"}
████████████████████  100% | [1/1] Create  (✔) Done.
sendTelemetryEvent ===> create, properties: {"bin-name":"teamsapp","appid":"","tenant-id":"","component":"coordinator","env":"","capabilities":"link-unfurling","is-from-developer-portal":"false","success":"yes","correlation-id":"e93c08a3-de11-4688-8a20-4d5504ec648b","run-from":"Other"}
Project created at: /Users/kenichi/study/ms-teams-app-tmp/link-unfurling-js-01
sendTelemetryEvent ===> create-project, properties: {"bin-name":"teamsapp","command-name":"teamsapp new","component":"cli","run-from":"Other","command-debug":"true","command-verbose":"undefined","command-help":"undefined","command-interactive":"false","command-version":"undefined","correlation-id":"","success":"yes","new-project-id":"97a28f77-eee6-4dea-acc5-6c287a60e2e2","is-creating-m365":"undefined"}
